<?xml version="1.0" encoding="UTF-8"?>
<!-- Generated by org.testng.reporters.JUnitReportReporter -->
<testsuite hostname="DESKTOP-92J9GF7" failures="0" tests="1" name="testCases.TC_LoginTest" time="1.002" errors="0" timestamp="2023-04-04T23:44:52 EDT" skipped="0">
  <testcase classname="testCases.TC_LoginTest" name="test_login" time="1.002"/>
  <system-out/>
</testsuite> <!-- testCases.TC_LoginTest -->
