<?xml version="1.0" encoding="UTF-8"?>
<!-- Generated by org.testng.reporters.JUnitReportReporter -->
<testsuite hostname="DESKTOP-92J9GF7" failures="0" tests="1" name="testCases.TC_AccountRegTest" time="3.439" errors="0" timestamp="2023-04-04T23:44:52 EDT" skipped="0">
  <testcase classname="testCases.TC_AccountRegTest" name="test_accountReg" time="3.439"/>
  <system-out/>
</testsuite> <!-- testCases.TC_AccountRegTest -->
